Arguments: 
  /usr/local/Cellar/node/18.7.0/bin/node /usr/local/Cellar/yarn/1.22.19/libexec/bin/yarn.js build

PATH: 
  /usr/local/bin:/System/Cryptexes/App/usr/bin:/usr/bin:/bin:/usr/sbin:/sbin

Yarn version: 
  1.22.19

Node version: 
  18.7.0

Platform: 
  darwin x64

Trace: 
  SyntaxError: /Applications/MAMP/htdocs/slate-template/package.json: Unexpected token } in JSON at position 697
      at JSON.parse (<anonymous>)
      at /usr/local/Cellar/yarn/1.22.19/libexec/lib/cli.js:1629:59
      at Generator.next (<anonymous>)
      at step (/usr/local/Cellar/yarn/1.22.19/libexec/lib/cli.js:310:30)
      at /usr/local/Cellar/yarn/1.22.19/libexec/lib/cli.js:321:13

npm manifest: 
  {
  	"name": "slate-template",
  	"version": "1.0.0",
  	"main": "index.js",
  	"repository": "git@github.com:az-marketing/slate-template.git",
  	"author": "Ryan Dool <ryandool@gmail.com>",
  	"license": "MIT",
  	"dependencies": {
  		"@babel/plugin-proposal-optional-chaining": "^7.20.7",
  		"@popperjs/core": "^2.9.2",
  		"@webcomponents/webcomponentsjs": "^2.5.0",
  		"linkset-menu": "^0.0.2",
  		"lit-element": "^2.5.1",
  		"regenerator-runtime": "^0.13.7",
  		"terser": "^5.16.1"
  	},
  	"scripts": {
  		"develop": "parcel index.html --open",
  		"build": "parcel build src/header.js src/az-footer.js --no-source-maps az_redbar"
  	},
  	"devDependencies": {
  		"parcel": "^2.0.0"
  	},
  	"browserslist": "> 0.25%, not dead",
  }

yarn manifest: 
  No manifest

Lockfile: 
  No lockfile
